Determining if files unistd.h exist failed with the following output:
Change Dir: D:/Smoldyn/cmake-build-debug/CMakeFiles/CMakeTmp

Run Build Command(s):nmake /nologo cmTC_9510a\fast && 	"C:\Program Files (x86)\Microsoft Visual Studio\2019\Community\VC\Tools\MSVC\14.27.29110\bin\HostX64\x64\nmake.exe"  -f CMakeFiles\cmTC_9510a.dir\build.make /nologo -L                  CMakeFiles\cmTC_9510a.dir\build
Building C object CMakeFiles/cmTC_9510a.dir/HAVE_UNISTD_H.c.obj
	C:\PROGRA~2\MICROS~1\2019\COMMUN~1\VC\Tools\MSVC\14.27.29110\bin\Hostx64\x64\cl.exe @C:\Users\Ciaran\AppData\Local\Temp\nm8D7.tmp
HAVE_UNISTD_H.c
D:\Smoldyn\cmake-build-debug\CMakeFiles\CheckIncludeFiles\HAVE_UNISTD_H.c(2): fatal error C1083: Cannot open include file: 'unistd.h': No such file or directory
NMAKE : fatal error U1077: 'C:\PROGRA~2\MICROS~1\2019\COMMUN~1\VC\Tools\MSVC\14.27.29110\bin\Hostx64\x64\cl.exe' : return code '0x2'
Stop.
NMAKE : fatal error U1077: '"C:\Program Files (x86)\Microsoft Visual Studio\2019\Community\VC\Tools\MSVC\14.27.29110\bin\HostX64\x64\nmake.exe"' : return code '0x2'
Stop.


Source:
/* */
#include <unistd.h>


int main(void){return 0;}

Determining if files sys/time.h exist failed with the following output:
Change Dir: D:/Smoldyn/cmake-build-debug/CMakeFiles/CMakeTmp

Run Build Command(s):nmake /nologo cmTC_01090\fast && 	"C:\Program Files (x86)\Microsoft Visual Studio\2019\Community\VC\Tools\MSVC\14.27.29110\bin\HostX64\x64\nmake.exe"  -f CMakeFiles\cmTC_01090.dir\build.make /nologo -L                  CMakeFiles\cmTC_01090.dir\build
Building C object CMakeFiles/cmTC_01090.dir/HAVE_SYS_TIME_H.c.obj
	C:\PROGRA~2\MICROS~1\2019\COMMUN~1\VC\Tools\MSVC\14.27.29110\bin\Hostx64\x64\cl.exe @C:\Users\Ciaran\AppData\Local\Temp\nm954.tmp
HAVE_SYS_TIME_H.c
D:\Smoldyn\cmake-build-debug\CMakeFiles\CheckIncludeFiles\HAVE_SYS_TIME_H.c(2): fatal error C1083: Cannot open include file: 'sys/time.h': No such file or directory
NMAKE : fatal error U1077: 'C:\PROGRA~2\MICROS~1\2019\COMMUN~1\VC\Tools\MSVC\14.27.29110\bin\Hostx64\x64\cl.exe' : return code '0x2'
Stop.
NMAKE : fatal error U1077: '"C:\Program Files (x86)\Microsoft Visual Studio\2019\Community\VC\Tools\MSVC\14.27.29110\bin\HostX64\x64\nmake.exe"' : return code '0x2'
Stop.


Source:
/* */
#include <sys/time.h>


int main(void){return 0;}

Determining if files sys/param.h exist failed with the following output:
Change Dir: D:/Smoldyn/cmake-build-debug/CMakeFiles/CMakeTmp

Run Build Command(s):nmake /nologo cmTC_753de\fast && 	"C:\Program Files (x86)\Microsoft Visual Studio\2019\Community\VC\Tools\MSVC\14.27.29110\bin\HostX64\x64\nmake.exe"  -f CMakeFiles\cmTC_753de.dir\build.make /nologo -L                  CMakeFiles\cmTC_753de.dir\build
Building C object CMakeFiles/cmTC_753de.dir/HAVE_SYS_PARAM_H.c.obj
	C:\PROGRA~2\MICROS~1\2019\COMMUN~1\VC\Tools\MSVC\14.27.29110\bin\Hostx64\x64\cl.exe @C:\Users\Ciaran\AppData\Local\Temp\nmB0A.tmp
HAVE_SYS_PARAM_H.c
D:\Smoldyn\cmake-build-debug\CMakeFiles\CheckIncludeFiles\HAVE_SYS_PARAM_H.c(2): fatal error C1083: Cannot open include file: 'sys/param.h': No such file or directory
NMAKE : fatal error U1077: 'C:\PROGRA~2\MICROS~1\2019\COMMUN~1\VC\Tools\MSVC\14.27.29110\bin\Hostx64\x64\cl.exe' : return code '0x2'
Stop.
NMAKE : fatal error U1077: '"C:\Program Files (x86)\Microsoft Visual Studio\2019\Community\VC\Tools\MSVC\14.27.29110\bin\HostX64\x64\nmake.exe"' : return code '0x2'
Stop.


Source:
/* */
#include <sys/param.h>


int main(void){return 0;}

Determining if files sys/ioctl.h exist failed with the following output:
Change Dir: D:/Smoldyn/cmake-build-debug/CMakeFiles/CMakeTmp

Run Build Command(s):nmake /nologo cmTC_9e510\fast && 	"C:\Program Files (x86)\Microsoft Visual Studio\2019\Community\VC\Tools\MSVC\14.27.29110\bin\HostX64\x64\nmake.exe"  -f CMakeFiles\cmTC_9e510.dir\build.make /nologo -L                  CMakeFiles\cmTC_9e510.dir\build
Building C object CMakeFiles/cmTC_9e510.dir/HAVE_SYS_IOCTL_H.c.obj
	C:\PROGRA~2\MICROS~1\2019\COMMUN~1\VC\Tools\MSVC\14.27.29110\bin\Hostx64\x64\cl.exe @C:\Users\Ciaran\AppData\Local\Temp\nmB87.tmp
HAVE_SYS_IOCTL_H.c
D:\Smoldyn\cmake-build-debug\CMakeFiles\CheckIncludeFiles\HAVE_SYS_IOCTL_H.c(2): fatal error C1083: Cannot open include file: 'sys/ioctl.h': No such file or directory
NMAKE : fatal error U1077: 'C:\PROGRA~2\MICROS~1\2019\COMMUN~1\VC\Tools\MSVC\14.27.29110\bin\Hostx64\x64\cl.exe' : return code '0x2'
Stop.
NMAKE : fatal error U1077: '"C:\Program Files (x86)\Microsoft Visual Studio\2019\Community\VC\Tools\MSVC\14.27.29110\bin\HostX64\x64\nmake.exe"' : return code '0x2'
Stop.


Source:
/* */
#include <sys/ioctl.h>


int main(void){return 0;}

Determining if files usbhid.h exist failed with the following output:
Change Dir: D:/Smoldyn/cmake-build-debug/CMakeFiles/CMakeTmp

Run Build Command(s):nmake /nologo cmTC_c6ff3\fast && 	"C:\Program Files (x86)\Microsoft Visual Studio\2019\Community\VC\Tools\MSVC\14.27.29110\bin\HostX64\x64\nmake.exe"  -f CMakeFiles\cmTC_c6ff3.dir\build.make /nologo -L                  CMakeFiles\cmTC_c6ff3.dir\build
Building C object CMakeFiles/cmTC_c6ff3.dir/HAVE_USBHID_H.c.obj
	C:\PROGRA~2\MICROS~1\2019\COMMUN~1\VC\Tools\MSVC\14.27.29110\bin\Hostx64\x64\cl.exe @C:\Users\Ciaran\AppData\Local\Temp\nmD6B.tmp
HAVE_USBHID_H.c
D:\Smoldyn\cmake-build-debug\CMakeFiles\CheckIncludeFiles\HAVE_USBHID_H.c(2): fatal error C1083: Cannot open include file: 'usbhid.h': No such file or directory
NMAKE : fatal error U1077: 'C:\PROGRA~2\MICROS~1\2019\COMMUN~1\VC\Tools\MSVC\14.27.29110\bin\Hostx64\x64\cl.exe' : return code '0x2'
Stop.
NMAKE : fatal error U1077: '"C:\Program Files (x86)\Microsoft Visual Studio\2019\Community\VC\Tools\MSVC\14.27.29110\bin\HostX64\x64\nmake.exe"' : return code '0x2'
Stop.


Source:
/* */
#include <usbhid.h>


int main(void){return 0;}

Determining if the function gettimeofday exists failed with the following output:
Change Dir: D:/Smoldyn/cmake-build-debug/CMakeFiles/CMakeTmp

Run Build Command(s):nmake /nologo cmTC_1f358\fast && 	"C:\Program Files (x86)\Microsoft Visual Studio\2019\Community\VC\Tools\MSVC\14.27.29110\bin\HostX64\x64\nmake.exe"  -f CMakeFiles\cmTC_1f358.dir\build.make /nologo -L                  CMakeFiles\cmTC_1f358.dir\build
Building C object CMakeFiles/cmTC_1f358.dir/CheckFunctionExists.c.obj
	C:\PROGRA~2\MICROS~1\2019\COMMUN~1\VC\Tools\MSVC\14.27.29110\bin\Hostx64\x64\cl.exe @C:\Users\Ciaran\AppData\Local\Temp\nmDD9.tmp
CheckFunctionExists.c
Linking C executable cmTC_1f358.exe
	"C:\Program Files\CMake\bin\cmake.exe" -E vs_link_exe --intdir=CMakeFiles\cmTC_1f358.dir --rc=C:\PROGRA~2\WI3CF2~1\10\bin\100183~1.0\x64\rc.exe --mt=C:\PROGRA~2\WI3CF2~1\10\bin\100183~1.0\x64\mt.exe --manifests -- C:\PROGRA~2\MICROS~1\2019\COMMUN~1\VC\Tools\MSVC\14.27.29110\bin\Hostx64\x64\link.exe /nologo @CMakeFiles\cmTC_1f358.dir\objects1.rsp @C:\Users\Ciaran\AppData\Local\Temp\nmE18.tmp
LINK Pass 1: command "C:\PROGRA~2\MICROS~1\2019\COMMUN~1\VC\Tools\MSVC\14.27.29110\bin\Hostx64\x64\link.exe /nologo @CMakeFiles\cmTC_1f358.dir\objects1.rsp /out:cmTC_1f358.exe /implib:cmTC_1f358.lib /pdb:D:\Smoldyn\cmake-build-debug\CMakeFiles\CMakeTmp\cmTC_1f358.pdb /version:0.0 /machine:x64 /debug /INCREMENTAL /subsystem:console kernel32.lib user32.lib gdi32.lib winspool.lib shell32.lib ole32.lib oleaut32.lib uuid.lib comdlg32.lib advapi32.lib /MANIFEST /MANIFESTFILE:CMakeFiles\cmTC_1f358.dir/intermediate.manifest CMakeFiles\cmTC_1f358.dir/manifest.res" failed (exit code 1120) with the following output:
CheckFunctionExists.c.obj : error LNK2019: unresolved external symbol gettimeofday referenced in function main
cmTC_1f358.exe : fatal error LNK1120: 1 unresolved externals
NMAKE : fatal error U1077: '"C:\Program Files\CMake\bin\cmake.exe"' : return code '0xffffffff'
Stop.
NMAKE : fatal error U1077: '"C:\Program Files (x86)\Microsoft Visual Studio\2019\Community\VC\Tools\MSVC\14.27.29110\bin\HostX64\x64\nmake.exe"' : return code '0x2'
Stop.



Determining if the function XParseGeometry exists failed with the following output:
Change Dir: D:/Smoldyn/cmake-build-debug/CMakeFiles/CMakeTmp

Run Build Command(s):nmake /nologo cmTC_bb8eb\fast && 	"C:\Program Files (x86)\Microsoft Visual Studio\2019\Community\VC\Tools\MSVC\14.27.29110\bin\HostX64\x64\nmake.exe"  -f CMakeFiles\cmTC_bb8eb.dir\build.make /nologo -L                  CMakeFiles\cmTC_bb8eb.dir\build
Building C object CMakeFiles/cmTC_bb8eb.dir/CheckFunctionExists.c.obj
	C:\PROGRA~2\MICROS~1\2019\COMMUN~1\VC\Tools\MSVC\14.27.29110\bin\Hostx64\x64\cl.exe @C:\Users\Ciaran\AppData\Local\Temp\nmED3.tmp
CheckFunctionExists.c
Linking C executable cmTC_bb8eb.exe
	"C:\Program Files\CMake\bin\cmake.exe" -E vs_link_exe --intdir=CMakeFiles\cmTC_bb8eb.dir --rc=C:\PROGRA~2\WI3CF2~1\10\bin\100183~1.0\x64\rc.exe --mt=C:\PROGRA~2\WI3CF2~1\10\bin\100183~1.0\x64\mt.exe --manifests -- C:\PROGRA~2\MICROS~1\2019\COMMUN~1\VC\Tools\MSVC\14.27.29110\bin\Hostx64\x64\link.exe /nologo @CMakeFiles\cmTC_bb8eb.dir\objects1.rsp @C:\Users\Ciaran\AppData\Local\Temp\nmF02.tmp
LINK Pass 1: command "C:\PROGRA~2\MICROS~1\2019\COMMUN~1\VC\Tools\MSVC\14.27.29110\bin\Hostx64\x64\link.exe /nologo @CMakeFiles\cmTC_bb8eb.dir\objects1.rsp /out:cmTC_bb8eb.exe /implib:cmTC_bb8eb.lib /pdb:D:\Smoldyn\cmake-build-debug\CMakeFiles\CMakeTmp\cmTC_bb8eb.pdb /version:0.0 /machine:x64 /debug /INCREMENTAL /subsystem:console kernel32.lib user32.lib gdi32.lib winspool.lib shell32.lib ole32.lib oleaut32.lib uuid.lib comdlg32.lib advapi32.lib /MANIFEST /MANIFESTFILE:CMakeFiles\cmTC_bb8eb.dir/intermediate.manifest CMakeFiles\cmTC_bb8eb.dir/manifest.res" failed (exit code 1120) with the following output:
CheckFunctionExists.c.obj : error LNK2019: unresolved external symbol XParseGeometry referenced in function main
cmTC_bb8eb.exe : fatal error LNK1120: 1 unresolved externals
NMAKE : fatal error U1077: '"C:\Program Files\CMake\bin\cmake.exe"' : return code '0xffffffff'
Stop.
NMAKE : fatal error U1077: '"C:\Program Files (x86)\Microsoft Visual Studio\2019\Community\VC\Tools\MSVC\14.27.29110\bin\HostX64\x64\nmake.exe"' : return code '0x2'
Stop.



