Determining if files unistd.h exist failed with the following output:
Change Dir: D:/Smoldyn/cmake-build-release/CMakeFiles/CMakeTmp

Run Build Command(s):nmake /nologo cmTC_94751\fast && 	"C:\Program Files (x86)\Microsoft Visual Studio\2019\Community\VC\Tools\MSVC\14.27.29110\bin\HostX64\x64\nmake.exe"  -f CMakeFiles\cmTC_94751.dir\build.make /nologo -L                  CMakeFiles\cmTC_94751.dir\build
Building C object CMakeFiles/cmTC_94751.dir/HAVE_UNISTD_H.c.obj
	C:\PROGRA~2\MICROS~1\2019\COMMUN~1\VC\Tools\MSVC\14.27.29110\bin\Hostx64\x64\cl.exe @C:\Users\Ciaran\AppData\Local\Temp\nmE2A8.tmp
HAVE_UNISTD_H.c
D:\Smoldyn\cmake-build-release\CMakeFiles\CheckIncludeFiles\HAVE_UNISTD_H.c(2): fatal error C1083: Cannot open include file: 'unistd.h': No such file or directory
NMAKE : fatal error U1077: 'C:\PROGRA~2\MICROS~1\2019\COMMUN~1\VC\Tools\MSVC\14.27.29110\bin\Hostx64\x64\cl.exe' : return code '0x2'
Stop.
NMAKE : fatal error U1077: '"C:\Program Files (x86)\Microsoft Visual Studio\2019\Community\VC\Tools\MSVC\14.27.29110\bin\HostX64\x64\nmake.exe"' : return code '0x2'
Stop.


Source:
/* */
#include <unistd.h>


int main(void){return 0;}

Determining if files sys/time.h exist failed with the following output:
Change Dir: D:/Smoldyn/cmake-build-release/CMakeFiles/CMakeTmp

Run Build Command(s):nmake /nologo cmTC_99911\fast && 	"C:\Program Files (x86)\Microsoft Visual Studio\2019\Community\VC\Tools\MSVC\14.27.29110\bin\HostX64\x64\nmake.exe"  -f CMakeFiles\cmTC_99911.dir\build.make /nologo -L                  CMakeFiles\cmTC_99911.dir\build
Building C object CMakeFiles/cmTC_99911.dir/HAVE_SYS_TIME_H.c.obj
	C:\PROGRA~2\MICROS~1\2019\COMMUN~1\VC\Tools\MSVC\14.27.29110\bin\Hostx64\x64\cl.exe @C:\Users\Ciaran\AppData\Local\Temp\nmE325.tmp
HAVE_SYS_TIME_H.c
D:\Smoldyn\cmake-build-release\CMakeFiles\CheckIncludeFiles\HAVE_SYS_TIME_H.c(2): fatal error C1083: Cannot open include file: 'sys/time.h': No such file or directory
NMAKE : fatal error U1077: 'C:\PROGRA~2\MICROS~1\2019\COMMUN~1\VC\Tools\MSVC\14.27.29110\bin\Hostx64\x64\cl.exe' : return code '0x2'
Stop.
NMAKE : fatal error U1077: '"C:\Program Files (x86)\Microsoft Visual Studio\2019\Community\VC\Tools\MSVC\14.27.29110\bin\HostX64\x64\nmake.exe"' : return code '0x2'
Stop.


Source:
/* */
#include <sys/time.h>


int main(void){return 0;}

Determining if files sys/param.h exist failed with the following output:
Change Dir: D:/Smoldyn/cmake-build-release/CMakeFiles/CMakeTmp

Run Build Command(s):nmake /nologo cmTC_054cf\fast && 	"C:\Program Files (x86)\Microsoft Visual Studio\2019\Community\VC\Tools\MSVC\14.27.29110\bin\HostX64\x64\nmake.exe"  -f CMakeFiles\cmTC_054cf.dir\build.make /nologo -L                  CMakeFiles\cmTC_054cf.dir\build
Building C object CMakeFiles/cmTC_054cf.dir/HAVE_SYS_PARAM_H.c.obj
	C:\PROGRA~2\MICROS~1\2019\COMMUN~1\VC\Tools\MSVC\14.27.29110\bin\Hostx64\x64\cl.exe @C:\Users\Ciaran\AppData\Local\Temp\nmE4DA.tmp
HAVE_SYS_PARAM_H.c
D:\Smoldyn\cmake-build-release\CMakeFiles\CheckIncludeFiles\HAVE_SYS_PARAM_H.c(2): fatal error C1083: Cannot open include file: 'sys/param.h': No such file or directory
NMAKE : fatal error U1077: 'C:\PROGRA~2\MICROS~1\2019\COMMUN~1\VC\Tools\MSVC\14.27.29110\bin\Hostx64\x64\cl.exe' : return code '0x2'
Stop.
NMAKE : fatal error U1077: '"C:\Program Files (x86)\Microsoft Visual Studio\2019\Community\VC\Tools\MSVC\14.27.29110\bin\HostX64\x64\nmake.exe"' : return code '0x2'
Stop.


Source:
/* */
#include <sys/param.h>


int main(void){return 0;}

Determining if files sys/ioctl.h exist failed with the following output:
Change Dir: D:/Smoldyn/cmake-build-release/CMakeFiles/CMakeTmp

Run Build Command(s):nmake /nologo cmTC_210f2\fast && 	"C:\Program Files (x86)\Microsoft Visual Studio\2019\Community\VC\Tools\MSVC\14.27.29110\bin\HostX64\x64\nmake.exe"  -f CMakeFiles\cmTC_210f2.dir\build.make /nologo -L                  CMakeFiles\cmTC_210f2.dir\build
Building C object CMakeFiles/cmTC_210f2.dir/HAVE_SYS_IOCTL_H.c.obj
	C:\PROGRA~2\MICROS~1\2019\COMMUN~1\VC\Tools\MSVC\14.27.29110\bin\Hostx64\x64\cl.exe @C:\Users\Ciaran\AppData\Local\Temp\nmE557.tmp
HAVE_SYS_IOCTL_H.c
D:\Smoldyn\cmake-build-release\CMakeFiles\CheckIncludeFiles\HAVE_SYS_IOCTL_H.c(2): fatal error C1083: Cannot open include file: 'sys/ioctl.h': No such file or directory
NMAKE : fatal error U1077: 'C:\PROGRA~2\MICROS~1\2019\COMMUN~1\VC\Tools\MSVC\14.27.29110\bin\Hostx64\x64\cl.exe' : return code '0x2'
Stop.
NMAKE : fatal error U1077: '"C:\Program Files (x86)\Microsoft Visual Studio\2019\Community\VC\Tools\MSVC\14.27.29110\bin\HostX64\x64\nmake.exe"' : return code '0x2'
Stop.


Source:
/* */
#include <sys/ioctl.h>


int main(void){return 0;}

Determining if files usbhid.h exist failed with the following output:
Change Dir: D:/Smoldyn/cmake-build-release/CMakeFiles/CMakeTmp

Run Build Command(s):nmake /nologo cmTC_9283b\fast && 	"C:\Program Files (x86)\Microsoft Visual Studio\2019\Community\VC\Tools\MSVC\14.27.29110\bin\HostX64\x64\nmake.exe"  -f CMakeFiles\cmTC_9283b.dir\build.make /nologo -L                  CMakeFiles\cmTC_9283b.dir\build
Building C object CMakeFiles/cmTC_9283b.dir/HAVE_USBHID_H.c.obj
	C:\PROGRA~2\MICROS~1\2019\COMMUN~1\VC\Tools\MSVC\14.27.29110\bin\Hostx64\x64\cl.exe @C:\Users\Ciaran\AppData\Local\Temp\nmE72C.tmp
HAVE_USBHID_H.c
D:\Smoldyn\cmake-build-release\CMakeFiles\CheckIncludeFiles\HAVE_USBHID_H.c(2): fatal error C1083: Cannot open include file: 'usbhid.h': No such file or directory
NMAKE : fatal error U1077: 'C:\PROGRA~2\MICROS~1\2019\COMMUN~1\VC\Tools\MSVC\14.27.29110\bin\Hostx64\x64\cl.exe' : return code '0x2'
Stop.
NMAKE : fatal error U1077: '"C:\Program Files (x86)\Microsoft Visual Studio\2019\Community\VC\Tools\MSVC\14.27.29110\bin\HostX64\x64\nmake.exe"' : return code '0x2'
Stop.


Source:
/* */
#include <usbhid.h>


int main(void){return 0;}

Determining if the function gettimeofday exists failed with the following output:
Change Dir: D:/Smoldyn/cmake-build-release/CMakeFiles/CMakeTmp

Run Build Command(s):nmake /nologo cmTC_99ad8\fast && 	"C:\Program Files (x86)\Microsoft Visual Studio\2019\Community\VC\Tools\MSVC\14.27.29110\bin\HostX64\x64\nmake.exe"  -f CMakeFiles\cmTC_99ad8.dir\build.make /nologo -L                  CMakeFiles\cmTC_99ad8.dir\build
Building C object CMakeFiles/cmTC_99ad8.dir/CheckFunctionExists.c.obj
	C:\PROGRA~2\MICROS~1\2019\COMMUN~1\VC\Tools\MSVC\14.27.29110\bin\Hostx64\x64\cl.exe @C:\Users\Ciaran\AppData\Local\Temp\nmE7A9.tmp
CheckFunctionExists.c
Linking C executable cmTC_99ad8.exe
	"C:\Program Files\CMake\bin\cmake.exe" -E vs_link_exe --intdir=CMakeFiles\cmTC_99ad8.dir --rc=C:\PROGRA~2\WI3CF2~1\10\bin\100183~1.0\x64\rc.exe --mt=C:\PROGRA~2\WI3CF2~1\10\bin\100183~1.0\x64\mt.exe --manifests -- C:\PROGRA~2\MICROS~1\2019\COMMUN~1\VC\Tools\MSVC\14.27.29110\bin\Hostx64\x64\link.exe /nologo @CMakeFiles\cmTC_99ad8.dir\objects1.rsp @C:\Users\Ciaran\AppData\Local\Temp\nmE7F8.tmp
LINK Pass 1: command "C:\PROGRA~2\MICROS~1\2019\COMMUN~1\VC\Tools\MSVC\14.27.29110\bin\Hostx64\x64\link.exe /nologo @CMakeFiles\cmTC_99ad8.dir\objects1.rsp /out:cmTC_99ad8.exe /implib:cmTC_99ad8.lib /pdb:D:\Smoldyn\cmake-build-release\CMakeFiles\CMakeTmp\cmTC_99ad8.pdb /version:0.0 /machine:x64 /debug /INCREMENTAL /subsystem:console kernel32.lib user32.lib gdi32.lib winspool.lib shell32.lib ole32.lib oleaut32.lib uuid.lib comdlg32.lib advapi32.lib /MANIFEST /MANIFESTFILE:CMakeFiles\cmTC_99ad8.dir/intermediate.manifest CMakeFiles\cmTC_99ad8.dir/manifest.res" failed (exit code 1120) with the following output:
CheckFunctionExists.c.obj : error LNK2019: unresolved external symbol gettimeofday referenced in function main
cmTC_99ad8.exe : fatal error LNK1120: 1 unresolved externals
NMAKE : fatal error U1077: '"C:\Program Files\CMake\bin\cmake.exe"' : return code '0xffffffff'
Stop.
NMAKE : fatal error U1077: '"C:\Program Files (x86)\Microsoft Visual Studio\2019\Community\VC\Tools\MSVC\14.27.29110\bin\HostX64\x64\nmake.exe"' : return code '0x2'
Stop.



Determining if the function XParseGeometry exists failed with the following output:
Change Dir: D:/Smoldyn/cmake-build-release/CMakeFiles/CMakeTmp

Run Build Command(s):nmake /nologo cmTC_b611c\fast && 	"C:\Program Files (x86)\Microsoft Visual Studio\2019\Community\VC\Tools\MSVC\14.27.29110\bin\HostX64\x64\nmake.exe"  -f CMakeFiles\cmTC_b611c.dir\build.make /nologo -L                  CMakeFiles\cmTC_b611c.dir\build
Building C object CMakeFiles/cmTC_b611c.dir/CheckFunctionExists.c.obj
	C:\PROGRA~2\MICROS~1\2019\COMMUN~1\VC\Tools\MSVC\14.27.29110\bin\Hostx64\x64\cl.exe @C:\Users\Ciaran\AppData\Local\Temp\nmE893.tmp
CheckFunctionExists.c
Linking C executable cmTC_b611c.exe
	"C:\Program Files\CMake\bin\cmake.exe" -E vs_link_exe --intdir=CMakeFiles\cmTC_b611c.dir --rc=C:\PROGRA~2\WI3CF2~1\10\bin\100183~1.0\x64\rc.exe --mt=C:\PROGRA~2\WI3CF2~1\10\bin\100183~1.0\x64\mt.exe --manifests -- C:\PROGRA~2\MICROS~1\2019\COMMUN~1\VC\Tools\MSVC\14.27.29110\bin\Hostx64\x64\link.exe /nologo @CMakeFiles\cmTC_b611c.dir\objects1.rsp @C:\Users\Ciaran\AppData\Local\Temp\nmE8C3.tmp
LINK Pass 1: command "C:\PROGRA~2\MICROS~1\2019\COMMUN~1\VC\Tools\MSVC\14.27.29110\bin\Hostx64\x64\link.exe /nologo @CMakeFiles\cmTC_b611c.dir\objects1.rsp /out:cmTC_b611c.exe /implib:cmTC_b611c.lib /pdb:D:\Smoldyn\cmake-build-release\CMakeFiles\CMakeTmp\cmTC_b611c.pdb /version:0.0 /machine:x64 /debug /INCREMENTAL /subsystem:console kernel32.lib user32.lib gdi32.lib winspool.lib shell32.lib ole32.lib oleaut32.lib uuid.lib comdlg32.lib advapi32.lib /MANIFEST /MANIFESTFILE:CMakeFiles\cmTC_b611c.dir/intermediate.manifest CMakeFiles\cmTC_b611c.dir/manifest.res" failed (exit code 1120) with the following output:
CheckFunctionExists.c.obj : error LNK2019: unresolved external symbol XParseGeometry referenced in function main
cmTC_b611c.exe : fatal error LNK1120: 1 unresolved externals
NMAKE : fatal error U1077: '"C:\Program Files\CMake\bin\cmake.exe"' : return code '0xffffffff'
Stop.
NMAKE : fatal error U1077: '"C:\Program Files (x86)\Microsoft Visual Studio\2019\Community\VC\Tools\MSVC\14.27.29110\bin\HostX64\x64\nmake.exe"' : return code '0x2'
Stop.



